# JRE version: OpenJDK Runtime Environment Microsoft-40648 (11.0.16.1+1) (build 11.0.16.1+1-LTS)
# Java VM: OpenJDK 64-Bit Server VM Microsoft-40648 (11.0.16.1+1-LTS, mixed mode, tiered, compressed oops, g1 gc, windows-amd64)
Heap:
 garbage-first heap   total 243712K, used 182602K [0x00000000a0000000, 0x0000000100000000)
  region size 1024K, 5 young (5120K), 3 survivors (3072K)
 Metaspace       used 110474K, capacity 113528K, committed 113584K, reserved 1148928K
  class space    used 13296K, capacity 14289K, committed 14336K, reserved 1048576K
GC Heap History (20 events):
Event: 1202.894 GC heap before
{Heap before GC invocations=229 (full 0):
 garbage-first heap   total 243712K, used 178024K [0x00000000a0000000, 0x0000000100000000)
  region size 1024K, 13 young (13312K), 1 survivors (1024K)
 Metaspace       used 106777K, capacity 109725K, committed 109872K, reserved 1144832K
  class space    used 12890K, capacity 13862K, committed 13952K, reserved 1048576K
}
Event: 1202.942 GC heap after
{Heap after GC invocations=230 (full 0):
 garbage-first heap   total 243712K, used 167908K [0x00000000a0000000, 0x0000000100000000)
  region size 1024K, 2 young (2048K), 2 survivors (2048K)
 Metaspace       used 106777K, capacity 109725K, committed 109872K, reserved 1144832K
  class space    used 12890K, capacity 13862K, committed 13952K, reserved 1048576K
}
Event: 1204.112 GC heap before
{Heap before GC invocations=230 (full 0):
 garbage-first heap   total 243712K, used 181220K [0x00000000a0000000, 0x0000000100000000)
  region size 1024K, 16 young (16384K), 2 survivors (2048K)
 Metaspace       used 107261K, capacity 110234K, committed 110384K, reserved 1146880K
  class space    used 12945K, capacity 13900K, committed 13952K, reserved 1048576K
}
Event: 1204.222 GC heap after
{Heap after GC invocations=231 (full 0):
 garbage-first heap   total 243712K, used 172151K [0x00000000a0000000, 0x0000000100000000)
  region size 1024K, 2 young (2048K), 2 survivors (2048K)
 Metaspace       used 107261K, capacity 110234K, committed 110384K, reserved 1146880K
  class space    used 12945K, capacity 13900K, committed 13952K, reserved 1048576K
}
Event: 1204.874 GC heap before
{Heap before GC invocations=231 (full 0):
 garbage-first heap   total 243712K, used 187511K [0x00000000a0000000, 0x0000000100000000)
  region size 1024K, 17 young (17408K), 2 survivors (2048K)
 Metaspace       used 107291K, capacity 110240K, committed 110384K, reserved 1146880K
  class space    used 12948K, capacity 13902K, committed 13952K, reserved 1048576K
}
Event: 1204.923 GC heap after
{Heap after GC invocations=232 (full 0):
 garbage-first heap   total 243712K, used 175093K [0x00000000a0000000, 0x0000000100000000)
  region size 1024K, 3 young (3072K), 3 survivors (3072K)
 Metaspace       used 107291K, capacity 110240K, committed 110384K, reserved 1146880K
  class space    used 12948K, capacity 13902K, committed 13952K, reserved 1048576K
}
Event: 1205.386 GC heap before
{Heap before GC invocations=232 (full 0):
 garbage-first heap   total 243712K, used 193525K [0x00000000a0000000, 0x0000000100000000)
  region size 1024K, 21 young (21504K), 3 survivors (3072K)
 Metaspace       used 107311K, capacity 110246K, committed 110384K, reserved 1146880K
  class space    used 12949K, capacity 13903K, committed 13952K, reserved 1048576K
}
Event: 1205.451 GC heap after
{Heap after GC invocations=233 (full 0):
 garbage-first heap   total 243712K, used 178108K [0x00000000a0000000, 0x0000000100000000)
  region size 1024K, 3 young (3072K), 3 survivors (3072K)
 Metaspace       used 107311K, capacity 110246K, committed 110384K, reserved 1146880K
  class space    used 12949K, capacity 13903K, committed 13952K, reserved 1048576K
}
Event: 1207.507 GC heap before
{Heap before GC invocations=233 (full 0):
 garbage-first heap   total 243712K, used 198588K [0x00000000a0000000, 0x0000000100000000)
  region size 1024K, 23 young (23552K), 3 survivors (3072K)
 Metaspace       used 108049K, capacity 110959K, committed 111280K, reserved 1146880K
  class space    used 13030K, capacity 13988K, committed 14080K, reserved 1048576K
}
Event: 1207.570 GC heap after
{Heap after GC invocations=234 (full 0):
 garbage-first heap   total 243712K, used 179000K [0x00000000a0000000, 0x0000000100000000)
  region size 1024K, 1 young (1024K), 1 survivors (1024K)
 Metaspace       used 108049K, capacity 110959K, committed 111280K, reserved 1146880K
  class space    used 13030K, capacity 13988K, committed 14080K, reserved 1048576K
}
Event: 1208.936 GC heap before
{Heap before GC invocations=234 (full 0):
 garbage-first heap   total 243712K, used 199480K [0x00000000a0000000, 0x0000000100000000)
  region size 1024K, 22 young (22528K), 1 survivors (1024K)
 Metaspace       used 108128K, capacity 111031K, committed 111280K, reserved 1146880K
  class space    used 13030K, capacity 13988K, committed 14080K, reserved 1048576K
}
Event: 1208.942 GC heap after
{Heap after GC invocations=235 (full 0):
 garbage-first heap   total 243712K, used 179748K [0x00000000a0000000, 0x0000000100000000)
  region size 1024K, 2 young (2048K), 2 survivors (2048K)
 Metaspace       used 108128K, capacity 111031K, committed 111280K, reserved 1146880K
  class space    used 13030K, capacity 13988K, committed 14080K, reserved 1048576K
}
Event: 1209.249 GC heap before
{Heap before GC invocations=235 (full 0):
 garbage-first heap   total 243712K, used 202276K [0x00000000a0000000, 0x0000000100000000)
  region size 1024K, 24 young (24576K), 2 survivors (2048K)
 Metaspace       used 108145K, capacity 111031K, committed 111280K, reserved 1146880K
  class space    used 13030K, capacity 13988K, committed 14080K, reserved 1048576K
}
Event: 1209.275 GC heap after
{Heap after GC invocations=236 (full 0):
 garbage-first heap   total 243712K, used 179829K [0x00000000a0000000, 0x0000000100000000)
  region size 1024K, 2 young (2048K), 2 survivors (2048K)
 Metaspace       used 108145K, capacity 111031K, committed 111280K, reserved 1146880K
  class space    used 13030K, capacity 13988K, committed 14080K, reserved 1048576K
}
Event: 1209.516 GC heap before
{Heap before GC invocations=236 (full 0):
 garbage-first heap   total 243712K, used 203381K [0x00000000a0000000, 0x0000000100000000)
  region size 1024K, 25 young (25600K), 2 survivors (2048K)
 Metaspace       used 108152K, capacity 111096K, committed 111280K, reserved 1146880K
  class space    used 13030K, capacity 13988K, committed 14080K, reserved 1048576K
}
Event: 1209.530 GC heap after
{Heap after GC invocations=237 (full 0):
 garbage-first heap   total 243712K, used 179877K [0x00000000a0000000, 0x0000000100000000)
  region size 1024K, 2 young (2048K), 2 survivors (2048K)
 Metaspace       used 108152K, capacity 111096K, committed 111280K, reserved 1146880K
  class space    used 13030K, capacity 13988K, committed 14080K, reserved 1048576K
}
Event: 1211.503 GC heap before
{Heap before GC invocations=237 (full 0):
 garbage-first heap   total 243712K, used 203429K [0x00000000a0000000, 0x0000000100000000)
  region size 1024K, 26 young (26624K), 2 survivors (2048K)
 Metaspace       used 109003K, capacity 112032K, committed 112176K, reserved 1146880K
  class space    used 13150K, capacity 14128K, committed 14208K, reserved 1048576K
}
Event: 1211.526 GC heap after
{Heap after GC invocations=238 (full 0):
 garbage-first heap   total 243712K, used 180009K [0x00000000a0000000, 0x0000000100000000)
  region size 1024K, 2 young (2048K), 2 survivors (2048K)
 Metaspace       used 109003K, capacity 112032K, committed 112176K, reserved 1146880K
  class space    used 13150K, capacity 14128K, committed 14208K, reserved 1048576K
}
Event: 1221.757 GC heap before
{Heap before GC invocations=238 (full 0):
 garbage-first heap   total 243712K, used 206633K [0x00000000a0000000, 0x0000000100000000)
  region size 1024K, 28 young (28672K), 2 survivors (2048K)
 Metaspace       used 109346K, capacity 112442K, committed 112688K, reserved 1148928K
  class space    used 13186K, capacity 14175K, committed 14208K, reserved 1048576K
}
Event: 1221.831 GC heap after
{Heap after GC invocations=239 (full 0):
 garbage-first heap   total 243712K, used 180669K [0x00000000a0000000, 0x0000000100000000)
  region size 1024K, 3 young (3072K), 3 survivors (3072K)
 Metaspace       used 109346K, capacity 112442K, committed 112688K, reserved 1148928K
  class space    used 13186K, capacity 14175K, committed 14208K, reserved 1048576K
}

